<?xml version="1.0" encoding="UTF-8"?>
<!-- Generated by org.testng.reporters.JUnitReportReporter -->
<testsuite hostname="Acharya" failures="0" tests="4" name="TestNg_Programs.priority_Class" time="0.018" errors="0" timestamp="2023-07-22T10:25:40 IST" skipped="0">
  <testcase classname="TestNg_Programs.priority_Class" name="bDD" time="0.009"/>
  <testcase classname="TestNg_Programs.priority_Class" name="AAA" time="0.002"/>
  <testcase classname="TestNg_Programs.priority_Class" name="CCC" time="0.004"/>
  <testcase classname="TestNg_Programs.priority_Class" name="BBB" time="0.003"/>
</testsuite> <!-- TestNg_Programs.priority_Class -->
