<?xml version="1.0" encoding="UTF-8"?>
<!-- Generated by org.testng.reporters.JUnitReportReporter -->
<testsuite hostname="Acharya" failures="0" tests="5" name="TestNg_Programs.invocation_Count_Annotation" time="0.027" errors="0" timestamp="2023-07-22T10:59:02 IST" skipped="0">
  <testcase classname="TestNg_Programs.invocation_Count_Annotation" name="method" time="0.008"/>
  <testcase classname="TestNg_Programs.invocation_Count_Annotation" name="method" time="0.002"/>
  <testcase classname="TestNg_Programs.invocation_Count_Annotation" name="method" time="0.002"/>
  <testcase classname="TestNg_Programs.invocation_Count_Annotation" name="method" time="0.010"/>
  <testcase classname="TestNg_Programs.invocation_Count_Annotation" name="method" time="0.005"/>
</testsuite> <!-- TestNg_Programs.invocation_Count_Annotation -->
