<?xml version="1.0" encoding="UTF-8"?>
<!-- Generated by org.testng.reporters.JUnitReportReporter -->
<testsuite hostname="Acharya" failures="0" tests="1" name="DropDrowns.Drop_Down_Class" time="18.570" errors="0" timestamp="2023-07-19T12:08:41 IST" skipped="0">
  <testcase classname="DropDrowns.Drop_Down_Class" name="dropdown" time="18.570"/>
</testsuite> <!-- DropDrowns.Drop_Down_Class -->
