<?xml version="1.0" encoding="UTF-8"?>
<!-- Generated by org.testng.reporters.JUnitReportReporter -->
<testsuite hostname="Acharya" failures="0" tests="1" name="DropDrowns.DropD_With_Select_Class" time="12.385" errors="0" timestamp="2023-07-19T12:21:08 IST" skipped="0">
  <testcase classname="DropDrowns.DropD_With_Select_Class" name="dropdown" time="12.385"/>
</testsuite> <!-- DropDrowns.DropD_With_Select_Class -->
